<?xml version="1.0" encoding="UTF-8"?>
<!-- Generated by org.testng.reporters.JUnitXMLReporter -->
<testsuite ignored="2" hostname="L-158047677" failures="0" tests="3" name="Test" time="0.065" errors="0" timestamp="2024-05-20T12:45:32 IST">
  <testcase classname="TestNGpack.GroupEx" name="test1" time="0.008"/>
  <testcase classname="TestNGpack.GroupEx" name="test3" time="0.001"/>
  <testcase classname="TestNGpack.GroupEx" name="test5" time="0.001"/>
  <testcase classname="TestNGpack.GroupEx" name="test4" time="0.0">
    <ignored/>
  </testcase> <!-- test4 -->
  <testcase classname="TestNGpack.GroupEx" name="test2" time="0.0">
    <ignored/>
  </testcase> <!-- test2 -->
</testsuite> <!-- Test -->
