<?xml version="1.0" encoding="UTF-8"?>
<!-- Generated by org.testng.reporters.JUnitXMLReporter -->
<testsuite ignored="0" hostname="L-158047677" failures="0" tests="1" name="Surefire test" time="19.404" errors="0" timestamp="2024-06-29T08:51:08 IST">
  <testcase classname="testCases.TestCase" name="@BeforeClass beforeClass" time="18.829">
    <failure type="io.github.bonigarcia.wdm.config.WebDriverManagerException" message="org.apache.hc.core5.http.ConnectionClosedException: Premature end of Content-Length delimited message body (expected: 9600466; received: 9401856)">
      <![CDATA[io.github.bonigarcia.wdm.config.WebDriverManagerException: org.apache.hc.core5.http.ConnectionClosedException: Premature end of Content-Length delimited message body (expected: 9600466; received: 9401856)
at io.github.bonigarcia.wdm.WebDriverManager.handleException(WebDriverManager.java:1414)
at io.github.bonigarcia.wdm.WebDriverManager.manage(WebDriverManager.java:1189)
at io.github.bonigarcia.wdm.WebDriverManager.fallback(WebDriverManager.java:1430)
at io.github.bonigarcia.wdm.WebDriverManager.handleException(WebDriverManager.java:1408)
at io.github.bonigarcia.wdm.WebDriverManager.manage(WebDriverManager.java:1189)
at io.github.bonigarcia.wdm.WebDriverManager.setup(WebDriverManager.java:426)
at base.Base.launchBrowser(Base.java:26)
at testCases.TestCase.beforeClass(TestCase.java:162)
at java.base/java.util.ArrayList.forEach(ArrayList.java:1511)
Caused by: org.apache.hc.core5.http.ConnectionClosedException: Premature end of Content-Length delimited message body (expected: 9600466; received: 9401856)
at org.apache.hc.core5.http.impl.io.ContentLengthInputStream.read(ContentLengthInputStream.java:177)
at org.apache.hc.core5.http.io.EofSensorInputStream.read(EofSensorInputStream.java:135)
at org.apache.hc.core5.http.io.EofSensorInputStream.read(EofSensorInputStream.java:148)
at org.apache.commons.io.IOUtils.copyLarge(IOUtils.java:2146)
at org.apache.commons.io.IOUtils.copy(IOUtils.java:2102)
at org.apache.commons.io.IOUtils.copyLarge(IOUtils.java:2123)
at org.apache.commons.io.IOUtils.copy(IOUtils.java:2078)
at org.apache.commons.io.FileUtils.copyToFile(FileUtils.java:1554)
at org.apache.commons.io.FileUtils.copyInputStreamToFile(FileUtils.java:1528)
at io.github.bonigarcia.wdm.online.Downloader.downloadAndExtract(Downloader.java:140)
at io.github.bonigarcia.wdm.online.Downloader.download(Downloader.java:92)
at io.github.bonigarcia.wdm.WebDriverManager.download(WebDriverManager.java:1272)
at io.github.bonigarcia.wdm.WebDriverManager.manage(WebDriverManager.java:1183)
... 37 more
... Removed 30 stack frames]]>
    </failure>
  </testcase> <!-- @BeforeClass beforeClass -->
  <testcase classname="testCases.TestCase" name="@AfterMethod afterMethod" time="-1.719631268447E9">
    <skipped/>
  </testcase> <!-- @AfterMethod afterMethod -->
  <testcase classname="testCases.TestCase" name="@AfterClass afterClass" time="-1.719631268448E9">
    <skipped/>
  </testcase> <!-- @AfterClass afterClass -->
  <testcase classname="testCases.TestCase" name="f" time="0.0">
    <skipped/>
  </testcase> <!-- f -->
</testsuite> <!-- Surefire test -->
