<?xml version="1.0" encoding="UTF-8"?>
<testng-results ignored="0" total="2" passed="2" failed="0" skipped="0">
  <reporter-output>
  </reporter-output>
  <suite started-at="2024-12-07T08:10:26 IST" name="Default suite" finished-at="2024-12-07T08:10:26 IST" duration-ms="64">
    <groups>
    </groups>
    <test started-at="2024-12-07T08:10:26 IST" name="Default test" finished-at="2024-12-07T08:10:26 IST" duration-ms="64">
      <class name="TestNGpack.IInvokelistenersExample">
        <test-method is-config="true" signature="bclass()[pri:0, instance:TestNGpack.IInvokelistenersExample@7ce69770]" started-at="2024-12-07T08:10:26 IST" name="bclass" finished-at="2024-12-07T08:10:26 IST" duration-ms="12" status="PASS">
          <reporter-output>
          </reporter-output>
        </test-method> <!-- bclass -->
        <test-method signature="firstTest()[pri:1, instance:TestNGpack.IInvokelistenersExample@7ce69770]" started-at="2024-12-07T08:10:26 IST" name="firstTest" finished-at="2024-12-07T08:10:26 IST" duration-ms="8" status="PASS">
          <reporter-output>
          </reporter-output>
        </test-method> <!-- firstTest -->
        <test-method signature="secondTest()[pri:2, instance:TestNGpack.IInvokelistenersExample@7ce69770]" started-at="2024-12-07T08:10:26 IST" name="secondTest" finished-at="2024-12-07T08:10:26 IST" duration-ms="1" status="PASS">
          <reporter-output>
          </reporter-output>
        </test-method> <!-- secondTest -->
        <test-method is-config="true" signature="aclass()[pri:0, instance:TestNGpack.IInvokelistenersExample@7ce69770]" started-at="2024-12-07T08:10:26 IST" name="aclass" finished-at="2024-12-07T08:10:26 IST" duration-ms="0" status="PASS">
          <reporter-output>
          </reporter-output>
        </test-method> <!-- aclass -->
      </class> <!-- TestNGpack.IInvokelistenersExample -->
    </test> <!-- Default test -->
  </suite> <!-- Default suite -->
</testng-results>
