<?xml version="1.0" encoding="UTF-8"?>
<testng-results ignored="0" total="1" passed="1" failed="0" skipped="0">
  <reporter-output>
  </reporter-output>
  <suite started-at="2024-04-10T11:35:19 IST" name="Default suite" finished-at="2024-04-10T11:39:33 IST" duration-ms="253774">
    <groups>
    </groups>
    <test started-at="2024-04-10T11:35:19 IST" name="Default test" finished-at="2024-04-10T11:39:33 IST" duration-ms="253774">
      <class name="testCases.TestCase">
        <test-method is-config="true" signature="beforeSuite()[pri:0, instance:testCases.TestCase@20ccf40b]" started-at="2024-04-10T11:35:19 IST" name="beforeSuite" finished-at="2024-04-10T11:35:19 IST" duration-ms="207" status="PASS">
          <reporter-output>
          </reporter-output>
        </test-method> <!-- beforeSuite -->
        <test-method is-config="true" signature="beforeClass()[pri:0, instance:testCases.TestCase@20ccf40b]" started-at="2024-04-10T11:35:19 IST" name="beforeClass" finished-at="2024-04-10T11:36:58 IST" duration-ms="99544" status="PASS">
          <reporter-output>
          </reporter-output>
        </test-method> <!-- beforeClass -->
        <test-method signature="f(java.lang.String, java.lang.String, java.lang.String, java.lang.String, java.lang.String, java.lang.String, java.lang.String, java.lang.String, java.lang.String, java.lang.String, java.lang.String)[pri:0, instance:testCases.TestCase@20ccf40b]" started-at="2024-04-10T11:36:59 IST" name="f" data-provider="dp" finished-at="2024-04-10T11:39:32 IST" duration-ms="153617" status="PASS">
          <params>
            <param index="0">
              <value>
                <![CDATA[Ruby]]>
              </value>
            </param>
            <param index="1">
              <value>
                <![CDATA[Meridian]]>
              </value>
            </param>
            <param index="2">
              <value>
                <![CDATA[rubymeridian@yahoo.com]]>
              </value>
            </param>
            <param index="3">
              <value>
                <![CDATA[MeridianRuby@123]]>
              </value>
            </param>
            <param index="4">
              <value>
                <![CDATA[MeridianRuby@123]]>
              </value>
            </param>
            <param index="5">
              <value>
                <![CDATA[Brookfields]]>
              </value>
            </param>
            <param index="6">
              <value>
                <![CDATA[Dallas]]>
              </value>
            </param>
            <param index="7">
              <value>
                <![CDATA[California]]>
              </value>
            </param>
            <param index="8">
              <value>
                <![CDATA[29371]]>
              </value>
            </param>
            <param index="9">
              <value>
                <![CDATA[United States]]>
              </value>
            </param>
            <param index="10">
              <value>
                <![CDATA[2147483647]]>
              </value>
            </param>
          </params>
          <reporter-output>
          </reporter-output>
        </test-method> <!-- f -->
        <test-method is-config="true" signature="afterClass()[pri:0, instance:testCases.TestCase@20ccf40b]" started-at="2024-04-10T11:39:32 IST" name="afterClass" finished-at="2024-04-10T11:39:32 IST" duration-ms="0" status="PASS">
          <reporter-output>
          </reporter-output>
        </test-method> <!-- afterClass -->
        <test-method is-config="true" signature="afterMethod()[pri:0, instance:testCases.TestCase@20ccf40b]" started-at="2024-04-10T11:39:32 IST" name="afterMethod" finished-at="2024-04-10T11:39:32 IST" duration-ms="0" status="PASS">
          <reporter-output>
          </reporter-output>
        </test-method> <!-- afterMethod -->
        <test-method is-config="true" signature="afterSuite()[pri:0, instance:testCases.TestCase@20ccf40b]" started-at="2024-04-10T11:39:33 IST" name="afterSuite" finished-at="2024-04-10T11:39:33 IST" duration-ms="574" status="PASS">
          <reporter-output>
          </reporter-output>
        </test-method> <!-- afterSuite -->
      </class> <!-- testCases.TestCase -->
    </test> <!-- Default test -->
  </suite> <!-- Default suite -->
</testng-results>
