<?xml version="1.0" encoding="UTF-8"?>
<!-- Generated by org.testng.reporters.JUnitXMLReporter -->
<testsuite ignored="0" hostname="L-158047677" failures="2" tests="4" name="listenerDemo" time="3.799" errors="0" timestamp="2024-05-26T12:26:47 IST">
  <testcase classname="TestNGpack.TestNGlistener" name="OpenBrowser" time="0.01">
    <failure type="java.lang.NullPointerException" message="Cannot invoke &amp;quot;org.openqa.selenium.WebDriver.get(String)&amp;quot; because &amp;quot;this.driver&amp;quot; is null">
      <![CDATA[java.lang.NullPointerException: Cannot invoke "org.openqa.selenium.WebDriver.get(String)" because "this.driver" is null
at TestNGpack.TestNGlistener.OpenBrowser(TestNGlistener.java:38)
at java.base/java.util.ArrayList.forEach(ArrayList.java:1511)
... Removed 27 stack frames]]>
    </failure>
  </testcase> <!-- OpenBrowser -->
  <testcase classname="TestNGpack.TestNGlistener" name="AccountTest" time="0.007"/>
  <testcase classname="TestNGpack.TestNGlistener" name="SkipTest" time="0.001">
    <skipped/>
  </testcase> <!-- SkipTest -->
  <testcase classname="TestNGpack.TestNGlistener" name="CloseBrowser" time="0.001">
    <failure type="java.lang.NullPointerException" message="Cannot invoke &amp;quot;org.openqa.selenium.WebDriver.close()&amp;quot; because &amp;quot;this.driver&amp;quot; is null">
      <![CDATA[java.lang.NullPointerException: Cannot invoke "org.openqa.selenium.WebDriver.close()" because "this.driver" is null
at TestNGpack.TestNGlistener.CloseBrowser(TestNGlistener.java:31)
at java.base/java.util.ArrayList.forEach(ArrayList.java:1511)
... Removed 27 stack frames]]>
    </failure>
  </testcase> <!-- CloseBrowser -->
</testsuite> <!-- listenerDemo -->
