<?xml version="1.0" encoding="UTF-8"?>
<testng-results ignored="0" total="2" passed="2" failed="0" skipped="0">
  <reporter-output>
  </reporter-output>
  <suite started-at="2024-03-16T17:03:37 IST" name="Default suite" finished-at="2024-03-16T17:03:55 IST" duration-ms="18040">
    <groups>
    </groups>
    <test started-at="2024-03-16T17:03:37 IST" name="Default test" finished-at="2024-03-16T17:03:55 IST" duration-ms="18040">
      <class name="Testcase.OrangeHRM">
        <test-method is-config="true" signature="beforeSuite()[pri:0, instance:Testcase.OrangeHRM@57a78e3]" started-at="2024-03-16T17:03:37 IST" name="beforeSuite" finished-at="2024-03-16T17:03:37 IST" duration-ms="196" status="PASS">
          <reporter-output>
          </reporter-output>
        </test-method> <!-- beforeSuite -->
        <test-method is-config="true" signature="startTest()[pri:0, instance:Testcase.OrangeHRM@57a78e3]" started-at="2024-03-16T17:03:37 IST" name="startTest" finished-at="2024-03-16T17:03:47 IST" duration-ms="9861" status="PASS">
          <reporter-output>
          </reporter-output>
        </test-method> <!-- startTest -->
        <test-method signature="Login(java.lang.String,java.lang.String)[pri:1, instance:Testcase.OrangeHRM@57a78e3]" started-at="2024-03-16T17:03:49 IST" name="Login" data-provider="creds" finished-at="2024-03-16T17:03:51 IST" duration-ms="2795" status="PASS">
          <params>
            <param index="0">
              <value>
                <![CDATA[Admin]]>
              </value>
            </param>
            <param index="1">
              <value>
                <![CDATA[admin123]]>
              </value>
            </param>
          </params>
          <reporter-output>
          </reporter-output>
        </test-method> <!-- Login -->
        <test-method is-config="true" signature="afterMethod()[pri:0, instance:Testcase.OrangeHRM@57a78e3]" started-at="2024-03-16T17:03:51 IST" name="afterMethod" finished-at="2024-03-16T17:03:51 IST" duration-ms="16" status="PASS">
          <reporter-output>
          </reporter-output>
        </test-method> <!-- afterMethod -->
        <test-method signature="Testcase2()[pri:2, instance:Testcase.OrangeHRM@57a78e3]" started-at="2024-03-16T17:03:51 IST" name="Testcase2" finished-at="2024-03-16T17:03:52 IST" duration-ms="415" status="PASS">
          <reporter-output>
          </reporter-output>
        </test-method> <!-- Testcase2 -->
        <test-method is-config="true" signature="afterMethod()[pri:0, instance:Testcase.OrangeHRM@57a78e3]" started-at="2024-03-16T17:03:52 IST" name="afterMethod" finished-at="2024-03-16T17:03:52 IST" duration-ms="0" status="PASS">
          <reporter-output>
          </reporter-output>
        </test-method> <!-- afterMethod -->
        <test-method is-config="true" signature="EndTest()[pri:0, instance:Testcase.OrangeHRM@57a78e3]" started-at="2024-03-16T17:03:52 IST" name="EndTest" finished-at="2024-03-16T17:03:55 IST" duration-ms="3103" status="PASS">
          <reporter-output>
          </reporter-output>
        </test-method> <!-- EndTest -->
        <test-method is-config="true" signature="afterSuite()[pri:0, instance:Testcase.OrangeHRM@57a78e3]" started-at="2024-03-16T17:03:55 IST" name="afterSuite" finished-at="2024-03-16T17:03:55 IST" duration-ms="570" status="PASS">
          <reporter-output>
          </reporter-output>
        </test-method> <!-- afterSuite -->
      </class> <!-- Testcase.OrangeHRM -->
    </test> <!-- Default test -->
  </suite> <!-- Default suite -->
</testng-results>
